<?xml version="1.0" encoding="UTF-8"?>
<testng-results skipped="0" failed="0" total="1" passed="1">
  <reporter-output>
  </reporter-output>
  <suite name="Whatsapp Regressions" duration-ms="63315" started-at="2018-05-30T19:03:35Z" finished-at="2018-05-30T19:04:38Z">
    <groups>
      <group name="cucumber">
        <method signature="AbstractTestNGCucumberTests.feature(cucumber.api.testng.CucumberFeatureWrapper)[pri:0, instance:com.webwhatsapptest.runner.Runner@589838eb]" name="feature" class="cucumber.api.testng.AbstractTestNGCucumberTests"/>
      </group> <!-- cucumber -->
    </groups>
    <test name="Regressions" duration-ms="63315" started-at="2018-05-30T19:03:35Z" finished-at="2018-05-30T19:04:38Z">
      <class name="com.webwhatsapptest.runner.Runner">
        <test-method status="PASS" signature="setUpClass()[pri:0, instance:com.webwhatsapptest.runner.Runner@589838eb]" name="setUpClass" is-config="true" duration-ms="299" started-at="2018-05-31T00:33:38Z" finished-at="2018-05-31T00:33:38Z">
          <reporter-output>
          </reporter-output>
        </test-method> <!-- setUpClass -->
        <test-method status="PASS" signature="feature(cucumber.api.testng.CucumberFeatureWrapper)[pri:0, instance:com.webwhatsapptest.runner.Runner@589838eb]" name="feature" duration-ms="59090" started-at="2018-05-31T00:33:38Z" description="Runs Cucumber Feature" data-provider="features" finished-at="2018-05-31T00:34:37Z">
          <params>
            <param index="0">
              <value>
                <![CDATA[Check last seen]]>
              </value>
            </param>
          </params>
          <reporter-output>
          </reporter-output>
        </test-method> <!-- feature -->
        <test-method status="PASS" signature="tearDownClass()[pri:0, instance:com.webwhatsapptest.runner.Runner@589838eb]" name="tearDownClass" is-config="true" duration-ms="7" started-at="2018-05-31T00:34:37Z" finished-at="2018-05-31T00:34:37Z">
          <reporter-output>
          </reporter-output>
        </test-method> <!-- tearDownClass -->
      </class> <!-- com.webwhatsapptest.runner.Runner -->
      <class name="com.webwhatsapptest.runner.Hook">
        <test-method status="PASS" signature="initialize()[pri:0, instance:com.webwhatsapptest.runner.Hook@14bf9759]" name="initialize" is-config="true" duration-ms="3089" started-at="2018-05-31T00:33:35Z" finished-at="2018-05-31T00:33:38Z">
          <reporter-output>
          </reporter-output>
        </test-method> <!-- initialize -->
        <test-method status="PASS" signature="tearDown()[pri:0, instance:com.webwhatsapptest.runner.Hook@14bf9759]" name="tearDown" is-config="true" duration-ms="702" started-at="2018-05-31T00:34:37Z" finished-at="2018-05-31T00:34:38Z">
          <reporter-output>
          </reporter-output>
        </test-method> <!-- tearDown -->
      </class> <!-- com.webwhatsapptest.runner.Hook -->
    </test> <!-- Regressions -->
  </suite> <!-- Whatsapp Regressions -->
</testng-results>
